-------------------------------------------------------------------------------
Test set: gov.samhsa.ds4p.cms.consent.mongodb.test.ApplicationConfigTest
-------------------------------------------------------------------------------
Tests run: 1, Failures: 0, Errors: 1, Skipped: 0, Time elapsed: 0.172 sec <<< FAILURE!
bootstrapAppFromJavaConfig(gov.samhsa.ds4p.cms.consent.mongodb.test.ApplicationConfigTest)  Time elapsed: 0.156 sec  <<< ERROR!
java.lang.ArrayStoreException: sun.reflect.annotation.TypeNotPresentExceptionProxy
	at sun.reflect.annotation.AnnotationParser.parseClassArray(AnnotationParser.java:653)
	at sun.reflect.annotation.AnnotationParser.parseArray(AnnotationParser.java:460)
	at sun.reflect.annotation.AnnotationParser.parseMemberValue(AnnotationParser.java:286)
	at sun.reflect.annotation.AnnotationParser.parseAnnotation(AnnotationParser.java:222)
	at sun.reflect.annotation.AnnotationParser.parseAnnotations2(AnnotationParser.java:69)
	at sun.reflect.annotation.AnnotationParser.parseAnnotations(AnnotationParser.java:52)
	at java.lang.Class.initAnnotationsIfNecessary(Class.java:3070)
	at java.lang.Class.getAnnotation(Class.java:3029)
	at sun.reflect.annotation.AnnotationType.<init>(AnnotationType.java:113)
	at sun.reflect.annotation.AnnotationType.getInstance(AnnotationType.java:66)
	at sun.reflect.annotation.AnnotationParser.parseAnnotation(AnnotationParser.java:202)
	at sun.reflect.annotation.AnnotationParser.parseAnnotations2(AnnotationParser.java:69)
	at sun.reflect.annotation.AnnotationParser.parseAnnotations(AnnotationParser.java:52)
	at java.lang.Class.initAnnotationsIfNecessary(Class.java:3070)
	at java.lang.Class.getAnnotations(Class.java:3050)
	at org.springframework.core.type.StandardAnnotationMetadata.isAnnotated(StandardAnnotationMetadata.java:123)
	at org.springframework.context.annotation.AnnotatedBeanDefinitionReader.registerBean(AnnotatedBeanDefinitionReader.java:140)
	at org.springframework.context.annotation.AnnotatedBeanDefinitionReader.registerBean(AnnotatedBeanDefinitionReader.java:129)
	at org.springframework.context.annotation.AnnotatedBeanDefinitionReader.register(AnnotatedBeanDefinitionReader.java:124)
	at org.springframework.context.annotation.AnnotationConfigApplicationContext.register(AnnotationConfigApplicationContext.java:140)
	at org.springframework.context.annotation.AnnotationConfigApplicationContext.<init>(AnnotationConfigApplicationContext.java:72)
	at gov.samhsa.ds4p.cms.consent.mongodb.test.ApplicationConfigTest.bootstrapAppFromJavaConfig(ApplicationConfigTest.java:39)
	at sun.reflect.NativeMethodAccessorImpl.invoke0(Native Method)
	at sun.reflect.NativeMethodAccessorImpl.invoke(NativeMethodAccessorImpl.java:39)
	at sun.reflect.DelegatingMethodAccessorImpl.invoke(DelegatingMethodAccessorImpl.java:25)
	at java.lang.reflect.Method.invoke(Method.java:597)
	at org.junit.runners.model.FrameworkMethod$1.runReflectiveCall(FrameworkMethod.java:45)
	at org.junit.internal.runners.model.ReflectiveCallable.run(ReflectiveCallable.java:15)
	at org.junit.runners.model.FrameworkMethod.invokeExplosively(FrameworkMethod.java:42)
	at org.junit.internal.runners.statements.InvokeMethod.evaluate(InvokeMethod.java:20)
	at org.junit.runners.ParentRunner.runLeaf(ParentRunner.java:263)
	at org.junit.runners.BlockJUnit4ClassRunner.runChild(BlockJUnit4ClassRunner.java:68)
	at org.junit.runners.BlockJUnit4ClassRunner.runChild(BlockJUnit4ClassRunner.java:47)
	at org.junit.runners.ParentRunner$3.run(ParentRunner.java:231)
	at org.junit.runners.ParentRunner$1.schedule(ParentRunner.java:60)
	at org.junit.runners.ParentRunner.runChildren(ParentRunner.java:229)
	at org.junit.runners.ParentRunner.access$000(ParentRunner.java:50)
	at org.junit.runners.ParentRunner$2.evaluate(ParentRunner.java:222)
	at org.junit.runners.ParentRunner.run(ParentRunner.java:300)
	at org.apache.maven.surefire.junit4.JUnit4TestSet.execute(JUnit4TestSet.java:53)
	at org.apache.maven.surefire.junit4.JUnit4Provider.executeTestSet(JUnit4Provider.java:123)
	at org.apache.maven.surefire.junit4.JUnit4Provider.invoke(JUnit4Provider.java:104)
	at sun.reflect.NativeMethodAccessorImpl.invoke0(Native Method)
	at sun.reflect.NativeMethodAccessorImpl.invoke(NativeMethodAccessorImpl.java:39)
	at sun.reflect.DelegatingMethodAccessorImpl.invoke(DelegatingMethodAccessorImpl.java:25)
	at java.lang.reflect.Method.invoke(Method.java:597)
	at org.apache.maven.surefire.util.ReflectionUtils.invokeMethodWithArray(ReflectionUtils.java:164)
	at org.apache.maven.surefire.booter.ProviderFactory$ProviderProxy.invoke(ProviderFactory.java:110)
	at org.apache.maven.surefire.booter.SurefireStarter.invokeProvider(SurefireStarter.java:175)
	at org.apache.maven.surefire.booter.SurefireStarter.runSuitesInProcessWhenForked(SurefireStarter.java:107)
	at org.apache.maven.surefire.booter.ForkedBooter.main(ForkedBooter.java:68)
